WARNING: A terminally deprecated method in sun.misc.Unsafe has been called
WARNING: sun.misc.Unsafe::objectFieldOffset has been called by com.google.common.util.concurrent.AbstractFuture$UnsafeAtomicHelper (file:/usr/share/maven/lib/guava-33.4.8-jre.jar)
WARNING: Please consider reporting this to the maintainers of class com.google.common.util.concurrent.AbstractFuture$UnsafeAtomicHelper
WARNING: sun.misc.Unsafe::objectFieldOffset will be removed in a future release
[INFO] Scanning for projects...
[INFO] 
[INFO] --------------------------< com.example:demo >--------------------------
[INFO] Building demo 1.0-SNAPSHOT
[INFO]   from pom.xml
[INFO] --------------------------------[ jar ]---------------------------------
[INFO] 
[INFO] --- clean:3.2.0:clean (default-clean) @ demo ---
[INFO] Deleting /home/duydvuong/Desktop/School/laptrinhnangcao/target
[INFO] 
[INFO] --- resources:3.3.1:resources (default-resources) @ demo ---
[INFO] Copying 8 resources from src/main/resources to target/classes
[INFO] 
[INFO] --- compiler:3.13.0:compile (default-compile) @ demo ---
[INFO] Recompiling the module because of changed source code.
[INFO] Compiling 13 source files with javac [debug target 25 module-path] to target/classes
[INFO] /home/duydvuong/Desktop/School/laptrinhnangcao/src/main/java/com/example/demo/controller/AddAssetDialogController.java: Some input files use or override a deprecated API.
[INFO] /home/duydvuong/Desktop/School/laptrinhnangcao/src/main/java/com/example/demo/controller/AddAssetDialogController.java: Recompile with -Xlint:deprecation for details.
[INFO] ------------------------------------------------------------------------
[INFO] BUILD SUCCESS
[INFO] ------------------------------------------------------------------------
[INFO] Total time:  0.938 s
[INFO] Finished at: 2025-12-09T22:06:18+07:00
[INFO] ------------------------------------------------------------------------
